23:58:08 **** Incremental Build of configuration Debug for project NUCLEO_ADC_KF ****
make -j8 all 
arm-none-eabi-gcc -o "NUCLEO_ADC_KF.elf" @"objects.list"   -mcpu=cortex-m3 -T"D:\work\study\stm32\cubeIDEworkspace\NUCLEO_ADC_KF\STM32F103RBTX_FLASH.ld" --specs=nosys.specs -Wl,-Map="NUCLEO_ADC_KF.map" -Wl,--gc-sections -static --specs=nano.specs -mfloat-abi=soft -mthumb -Wl,--start-group -lc -lm -Wl,--end-group
Finished building target: NUCLEO_ADC_KF.elf
 
arm-none-eabi-objdump -h -S  NUCLEO_ADC_KF.elf  > "NUCLEO_ADC_KF.list"
arm-none-eabi-objcopy  -O binary  NUCLEO_ADC_KF.elf  "NUCLEO_ADC_KF.bin"
arm-none-eabi-size   NUCLEO_ADC_KF.elf 
   text	   data	    bss	    dec	    hex	filename
   9536	     20	   2156	  11712	   2dc0	NUCLEO_ADC_KF.elf
Finished building: default.size.stdout
 
Finished building: NUCLEO_ADC_KF.bin
Finished building: NUCLEO_ADC_KF.list
 
 
00:01:54 **** Incremental Build of configuration Debug for project NUCLEO_ADC_KF ****
make -j8 all 
arm-none-eabi-gcc "../Core/Src/main.c" -mcpu=cortex-m3 -std=gnu11 -g3 -DUSE_HAL_DRIVER -DSTM32F103xB -DDEBUG -c -I../Drivers/CMSIS/Device/ST/STM32F1xx/Include -I../Drivers/CMSIS/Include -I../Core/Inc -I../Drivers/STM32F1xx_HAL_Driver/Inc/Legacy -I../Drivers/STM32F1xx_HAL_Driver/Inc -I"D:/work/study/stm32/cubeIDEworkspace/NUCLEO_ADC_KF/Core/USER/INC" -O0 -ffunction-sections -fdata-sections -Wall -fstack-usage -MMD -MP -MF"Core/Src/main.d" -MT"Core/Src/main.o" --specs=nano.specs -mfloat-abi=soft -mthumb -o "Core/Src/main.o"
arm-none-eabi-gcc -o "NUCLEO_ADC_KF.elf" @"objects.list"   -mcpu=cortex-m3 -T"D:\work\study\stm32\cubeIDEworkspace\NUCLEO_ADC_KF\STM32F103RBTX_FLASH.ld" --specs=nosys.specs -Wl,-Map="NUCLEO_ADC_KF.map" -Wl,--gc-sections -static --specs=nano.specs -mfloat-abi=soft -mthumb -Wl,--start-group -lc -lm -Wl,--end-group
Finished building target: NUCLEO_ADC_KF.elf
 
arm-none-eabi-objdump -h -S  NUCLEO_ADC_KF.elf  > "NUCLEO_ADC_KF.list"
arm-none-eabi-objcopy  -O binary  NUCLEO_ADC_KF.elf  "NUCLEO_ADC_KF.bin"
arm-none-eabi-size   NUCLEO_ADC_KF.elf 
   text	   data	    bss	    dec	    hex	filename
   9576	     20	   2156	  11752	   2de8	NUCLEO_ADC_KF.elf
Finished building: default.size.stdout
 
Finished building: NUCLEO_ADC_KF.bin
 
Finished building: NUCLEO_ADC_KF.list
 
00:03:35 **** Incremental Build of configuration Debug for project NUCLEO_ADC_KF ****
make -j8 all 
arm-none-eabi-gcc "../Core/Src/main.c" -mcpu=cortex-m3 -std=gnu11 -g3 -DUSE_HAL_DRIVER -DSTM32F103xB -DDEBUG -c -I../Drivers/CMSIS/Device/ST/STM32F1xx/Include -I../Drivers/CMSIS/Include -I../Core/Inc -I../Drivers/STM32F1xx_HAL_Driver/Inc/Legacy -I../Drivers/STM32F1xx_HAL_Driver/Inc -I"D:/work/study/stm32/cubeIDEworkspace/NUCLEO_ADC_KF/Core/USER/INC" -O0 -ffunction-sections -fdata-sections -Wall -fstack-usage -MMD -MP -MF"Core/Src/main.d" -MT"Core/Src/main.o" --specs=nano.specs -mfloat-abi=soft -mthumb -o "Core/Src/main.o"
arm-none-eabi-gcc -o "NUCLEO_ADC_KF.elf" @"objects.list"   -mcpu=cortex-m3 -T"D:\work\study\stm32\cubeIDEworkspace\NUCLEO_ADC_KF\STM32F103RBTX_FLASH.ld" --specs=nosys.specs -Wl,-Map="NUCLEO_ADC_KF.map" -Wl,--gc-sections -static --specs=nano.specs -mfloat-abi=soft -mthumb -Wl,--start-group -lc -lm -Wl,--end-group
Finished building target: NUCLEO_ADC_KF.elf
 
arm-none-eabi-objdump -h -S  NUCLEO_ADC_KF.elf  > "NUCLEO_ADC_KF.list"
arm-none-eabi-objcopy  -O binary  NUCLEO_ADC_KF.elf  "NUCLEO_ADC_KF.bin"
arm-none-eabi-size   NUCLEO_ADC_KF.elf 
   text	   data	    bss	    dec	    hex	filename
   9592	     20	   2156	  11768	   2df8	NUCLEO_ADC_KF.elf
Finished building: default.size.stdout
 
Finished building: NUCLEO_ADC_KF.bin
Finished building: NUCLEO_ADC_KF.list
 
 
00:05:48 **** Incremental Build of configuration Debug for project NUCLEO_ADC_KF ****
make -j8 all 
arm-none-eabi-gcc "../Core/Src/main.c" -mcpu=cortex-m3 -std=gnu11 -g3 -DUSE_HAL_DRIVER -DSTM32F103xB -DDEBUG -c -I../Drivers/CMSIS/Device/ST/STM32F1xx/Include -I../Drivers/CMSIS/Include -I../Core/Inc -I../Drivers/STM32F1xx_HAL_Driver/Inc/Legacy -I../Drivers/STM32F1xx_HAL_Driver/Inc -I"D:/work/study/stm32/cubeIDEworkspace/NUCLEO_ADC_KF/Core/USER/INC" -O0 -ffunction-sections -fdata-sections -Wall -fstack-usage -MMD -MP -MF"Core/Src/main.d" -MT"Core/Src/main.o" --specs=nano.specs -mfloat-abi=soft -mthumb -o "Core/Src/main.o"
../Core/Src/main.c: In function 'main':
../Core/Src/main.c:111:11: warning: unused variable 'ADC_Kalman_Value' [-Wunused-variable]
     float ADC_Kalman_Value = KalmanFilter(ADC_Value, 100);
           ^~~~~~~~~~~~~~~~
arm-none-eabi-gcc -o "NUCLEO_ADC_KF.elf" @"objects.list"   -mcpu=cortex-m3 -T"D:\work\study\stm32\cubeIDEworkspace\NUCLEO_ADC_KF\STM32F103RBTX_FLASH.ld" --specs=nosys.specs -Wl,-Map="NUCLEO_ADC_KF.map" -Wl,--gc-sections -static --specs=nano.specs -mfloat-abi=soft -mthumb -Wl,--start-group -lc -lm -Wl,--end-group
Finished building target: NUCLEO_ADC_KF.elf
 
arm-none-eabi-objdump -h -S  NUCLEO_ADC_KF.elf  > "NUCLEO_ADC_KF.list"
arm-none-eabi-objcopy  -O binary  NUCLEO_ADC_KF.elf  "NUCLEO_ADC_KF.bin"
arm-none-eabi-size   NUCLEO_ADC_KF.elf 
   text	   data	    bss	    dec	    hex	filename
  18404	    128	   2160	  20692	   50d4	NUCLEO_ADC_KF.elf
Finished building: default.size.stdout
 
Finished building: NUCLEO_ADC_KF.bin
 
Finished building: NUCLEO_ADC_KF.list
 
13:26:51 **** Incremental Build of configuration Debug for project NUCLEO_ADC_KF ****
make -j8 all 
arm-none-eabi-gcc "../Core/USER/KalmanFilter/KalmanFilter.c" -mcpu=cortex-m3 -std=gnu11 -g3 -DUSE_HAL_DRIVER -DSTM32F103xB -DDEBUG -c -I../Drivers/CMSIS/Device/ST/STM32F1xx/Include -I../Drivers/CMSIS/Include -I../Core/Inc -I../Drivers/STM32F1xx_HAL_Driver/Inc/Legacy -I../Drivers/STM32F1xx_HAL_Driver/Inc -I"D:/work/study/stm32/cubeIDEworkspace/NUCLEO_ADC_KF/Core/USER/INC" -O0 -ffunction-sections -fdata-sections -Wall -fstack-usage -MMD -MP -MF"Core/USER/KalmanFilter/KalmanFilter.d" -MT"Core/USER/KalmanFilter/KalmanFilter.o" --specs=nano.specs -mfloat-abi=soft -mthumb -o "Core/USER/KalmanFilter/KalmanFilter.o"
arm-none-eabi-gcc -o "NUCLEO_ADC_KF.elf" @"objects.list"   -mcpu=cortex-m3 -T"D:\work\study\stm32\cubeIDEworkspace\NUCLEO_ADC_KF\STM32F103RBTX_FLASH.ld" --specs=nosys.specs -Wl,-Map="NUCLEO_ADC_KF.map" -Wl,--gc-sections -static --specs=nano.specs -mfloat-abi=soft -mthumb -Wl,--start-group -lc -lm -Wl,--end-group
Finished building target: NUCLEO_ADC_KF.elf
 
arm-none-eabi-objdump -h -S  NUCLEO_ADC_KF.elf  > "NUCLEO_ADC_KF.list"
arm-none-eabi-objcopy  -O binary  NUCLEO_ADC_KF.elf  "NUCLEO_ADC_KF.bin"
arm-none-eabi-size   NUCLEO_ADC_KF.elf 
   text	   data	    bss	    dec	    hex	filename
  18404	    128	   2160	  20692	   50d4	NUCLEO_ADC_KF.elf
Finished building: default.size.stdout
 
Finished building: NUCLEO_ADC_KF.bin
 
Finished building: NUCLEO_ADC_KF.list
 
13:29:56 **** Incremental Build of configuration Debug for project NUCLEO_ADC_KF ****
make -j8 all 
arm-none-eabi-gcc "../Core/Src/main.c" -mcpu=cortex-m3 -std=gnu11 -g3 -DUSE_HAL_DRIVER -DSTM32F103xB -DDEBUG -c -I../Drivers/CMSIS/Device/ST/STM32F1xx/Include -I../Drivers/CMSIS/Include -I../Core/Inc -I../Drivers/STM32F1xx_HAL_Driver/Inc/Legacy -I../Drivers/STM32F1xx_HAL_Driver/Inc -I"D:/work/study/stm32/cubeIDEworkspace/NUCLEO_ADC_KF/Core/USER/INC" -O0 -ffunction-sections -fdata-sections -Wall -fstack-usage -MMD -MP -MF"Core/Src/main.d" -MT"Core/Src/main.o" --specs=nano.specs -mfloat-abi=soft -mthumb -o "Core/Src/main.o"
../Core/Src/main.c: In function 'main':
../Core/Src/main.c:113:5: warning: implicit declaration of function 'swvPrint'; did you mean 'llrint'? [-Wimplicit-function-declaration]
     swvPrint(0, "1", 2);
     ^~~~~~~~
     llrint
../Core/Src/main.c:111:11: warning: unused variable 'ADC_Kalman_Value' [-Wunused-variable]
     float ADC_Kalman_Value = KalmanFilter(ADC_Value, 100);
           ^~~~~~~~~~~~~~~~
../Core/Src/main.c: At top level:
../Core/Src/main.c:177:6: warning: conflicting types for 'swvPrint'
 void swvPrint(int port, char *ptr, int len)
      ^~~~~~~~
../Core/Src/main.c:113:5: note: previous implicit declaration of 'swvPrint' was here
     swvPrint(0, "1", 2);
     ^~~~~~~~
arm-none-eabi-gcc -o "NUCLEO_ADC_KF.elf" @"objects.list"   -mcpu=cortex-m3 -T"D:\work\study\stm32\cubeIDEworkspace\NUCLEO_ADC_KF\STM32F103RBTX_FLASH.ld" --specs=nosys.specs -Wl,-Map="NUCLEO_ADC_KF.map" -Wl,--gc-sections -static --specs=nano.specs -mfloat-abi=soft -mthumb -Wl,--start-group -lc -lm -Wl,--end-group
Finished building target: NUCLEO_ADC_KF.elf
 
arm-none-eabi-objdump -h -S  NUCLEO_ADC_KF.elf  > "NUCLEO_ADC_KF.list"
arm-none-eabi-objcopy  -O binary  NUCLEO_ADC_KF.elf  "NUCLEO_ADC_KF.bin"
arm-none-eabi-size   NUCLEO_ADC_KF.elf 
   text	   data	    bss	    dec	    hex	filename
  18508	    128	   2160	  20796	   513c	NUCLEO_ADC_KF.elf
Finished building: default.size.stdout
 
Finished building: NUCLEO_ADC_KF.bin
 
Finished building: NUCLEO_ADC_KF.list
 
13:34:20 **** Incremental Build of configuration Debug for project NUCLEO_ADC_KF ****
make -j8 all 
arm-none-eabi-size   NUCLEO_ADC_KF.elf 
   text	   data	    bss	    dec	    hex	filename
  18508	    128	   2160	  20796	   513c	NUCLEO_ADC_KF.elf
Finished building: default.size.stdout
 
13:41:03 **** Incremental Build of configuration Debug for project NUCLEO_ADC_KF ****
make -j8 all 
arm-none-eabi-size   NUCLEO_ADC_KF.elf 
   text	   data	    bss	    dec	    hex	filename
  18508	    128	   2160	  20796	   513c	NUCLEO_ADC_KF.elf
Finished building: default.size.stdout
 
13:41:45 **** Incremental Build of configuration Debug for project NUCLEO_ADC_KF ****
make -j8 all 
arm-none-eabi-gcc "../Core/Src/main.c" -mcpu=cortex-m3 -std=gnu11 -g3 -DUSE_HAL_DRIVER -DSTM32F103xB -DDEBUG -c -I../Drivers/CMSIS/Device/ST/STM32F1xx/Include -I../Drivers/CMSIS/Include -I../Core/Inc -I../Drivers/STM32F1xx_HAL_Driver/Inc/Legacy -I../Drivers/STM32F1xx_HAL_Driver/Inc -I"D:/work/study/stm32/cubeIDEworkspace/NUCLEO_ADC_KF/Core/USER/INC" -O0 -ffunction-sections -fdata-sections -Wall -fstack-usage -MMD -MP -MF"Core/Src/main.d" -MT"Core/Src/main.o" --specs=nano.specs -mfloat-abi=soft -mthumb -o "Core/Src/main.o"
../Core/Src/main.c: In function 'main':
../Core/Src/main.c:113:5: warning: implicit declaration of function 'swvPrint'; did you mean 'llrint'? [-Wimplicit-function-declaration]
     swvPrint(0, "1", 2);
     ^~~~~~~~
     llrint
../Core/Src/main.c:111:11: warning: unused variable 'ADC_Kalman_Value' [-Wunused-variable]
     float ADC_Kalman_Value = KalmanFilter(ADC_Value, 100);
           ^~~~~~~~~~~~~~~~
../Core/Src/main.c: At top level:
../Core/Src/main.c:177:6: warning: conflicting types for 'swvPrint'
 void swvPrint(int port, char *ptr, int len)
      ^~~~~~~~
../Core/Src/main.c:113:5: note: previous implicit declaration of 'swvPrint' was here
     swvPrint(0, "1", 2);
     ^~~~~~~~
arm-none-eabi-gcc -o "NUCLEO_ADC_KF.elf" @"objects.list"   -mcpu=cortex-m3 -T"D:\work\study\stm32\cubeIDEworkspace\NUCLEO_ADC_KF\STM32F103RBTX_FLASH.ld" --specs=nosys.specs -Wl,-Map="NUCLEO_ADC_KF.map" -Wl,--gc-sections -static --specs=nano.specs -mfloat-abi=soft -mthumb -Wl,--start-group -lc -lm -Wl,--end-group
Finished building target: NUCLEO_ADC_KF.elf
 
arm-none-eabi-objdump -h -S  NUCLEO_ADC_KF.elf  > "NUCLEO_ADC_KF.list"
arm-none-eabi-objcopy  -O binary  NUCLEO_ADC_KF.elf  "NUCLEO_ADC_KF.bin"
arm-none-eabi-size   NUCLEO_ADC_KF.elf 
   text	   data	    bss	    dec	    hex	filename
  18580	    128	   2160	  20868	   5184	NUCLEO_ADC_KF.elf
Finished building: default.size.stdout
 
Finished building: NUCLEO_ADC_KF.bin
 
Finished building: NUCLEO_ADC_KF.list
 
13:44:16 **** Incremental Build of configuration Debug for project NUCLEO_ADC_KF ****
make -j8 all 
arm-none-eabi-size   NUCLEO_ADC_KF.elf 
   text	   data	    bss	    dec	    hex	filename
  18580	    128	   2160	  20868	   5184	NUCLEO_ADC_KF.elf
Finished building: default.size.stdout
 
13:45:35 **** Incremental Build of configuration Debug for project NUCLEO_ADC_KF ****
make -j8 all 
arm-none-eabi-size   NUCLEO_ADC_KF.elf 
   text	   data	    bss	    dec	    hex	filename
  18580	    128	   2160	  20868	   5184	NUCLEO_ADC_KF.elf
Finished building: default.size.stdout
 
13:50:37 **** Incremental Build of configuration Debug for project NUCLEO_ADC_KF ****
make -j8 all 
arm-none-eabi-gcc "../Core/Src/main.c" -mcpu=cortex-m3 -std=gnu11 -g3 -DUSE_HAL_DRIVER -DSTM32F103xB -DDEBUG -c -I../Drivers/CMSIS/Device/ST/STM32F1xx/Include -I../Drivers/CMSIS/Include -I../Core/Inc -I../Drivers/STM32F1xx_HAL_Driver/Inc/Legacy -I../Drivers/STM32F1xx_HAL_Driver/Inc -I"D:/work/study/stm32/cubeIDEworkspace/NUCLEO_ADC_KF/Core/USER/INC" -O0 -ffunction-sections -fdata-sections -Wall -fstack-usage -MMD -MP -MF"Core/Src/main.d" -MT"Core/Src/main.o" --specs=nano.specs -mfloat-abi=soft -mthumb -o "Core/Src/main.o"
../Core/Src/main.c: In function 'main':
../Core/Src/main.c:114:5: warning: implicit declaration of function 'swvPrint'; did you mean 'llrint'? [-Wimplicit-function-declaration]
     swvPrint(0, "1", 2);
     ^~~~~~~~
     llrint
../Core/Src/main.c:112:11: warning: unused variable 'ADC_Kalman_Value' [-Wunused-variable]
     float ADC_Kalman_Value = KalmanFilter(ADC_BUF_Value, 100);
           ^~~~~~~~~~~~~~~~
../Core/Src/main.c: At top level:
../Core/Src/main.c:181:6: warning: conflicting types for 'swvPrint'
 void swvPrint(int port, char *ptr, int len)
      ^~~~~~~~
../Core/Src/main.c:114:5: note: previous implicit declaration of 'swvPrint' was here
     swvPrint(0, "1", 2);
     ^~~~~~~~
arm-none-eabi-gcc -o "NUCLEO_ADC_KF.elf" @"objects.list"   -mcpu=cortex-m3 -T"D:\work\study\stm32\cubeIDEworkspace\NUCLEO_ADC_KF\STM32F103RBTX_FLASH.ld" --specs=nosys.specs -Wl,-Map="NUCLEO_ADC_KF.map" -Wl,--gc-sections -static --specs=nano.specs -mfloat-abi=soft -mthumb -Wl,--start-group -lc -lm -Wl,--end-group
Finished building target: NUCLEO_ADC_KF.elf
 
arm-none-eabi-objdump -h -S  NUCLEO_ADC_KF.elf  > "NUCLEO_ADC_KF.list"
arm-none-eabi-objcopy  -O binary  NUCLEO_ADC_KF.elf  "NUCLEO_ADC_KF.bin"
arm-none-eabi-size   NUCLEO_ADC_KF.elf 
   text	   data	    bss	    dec	    hex	filename
  18628	    128	   2560	  21316	   5344	NUCLEO_ADC_KF.elf
Finished building: default.size.stdout
 
Finished building: NUCLEO_ADC_KF.bin
 
Finished building: NUCLEO_ADC_KF.list
 
13:52:56 **** Incremental Build of configuration Debug for project NUCLEO_ADC_KF ****
make -j8 all 
arm-none-eabi-gcc "../Core/Src/main.c" -mcpu=cortex-m3 -std=gnu11 -g3 -DUSE_HAL_DRIVER -DSTM32F103xB -DDEBUG -c -I../Drivers/CMSIS/Device/ST/STM32F1xx/Include -I../Drivers/CMSIS/Include -I../Core/Inc -I../Drivers/STM32F1xx_HAL_Driver/Inc/Legacy -I../Drivers/STM32F1xx_HAL_Driver/Inc -I"D:/work/study/stm32/cubeIDEworkspace/NUCLEO_ADC_KF/Core/USER/INC" -O0 -ffunction-sections -fdata-sections -Wall -fstack-usage -MMD -MP -MF"Core/Src/main.d" -MT"Core/Src/main.o" --specs=nano.specs -mfloat-abi=soft -mthumb -o "Core/Src/main.o"
../Core/Src/main.c: In function 'main':
../Core/Src/main.c:114:5: warning: implicit declaration of function 'swvPrint'; did you mean 'llrint'? [-Wimplicit-function-declaration]
     swvPrint(0, "1", 2);
     ^~~~~~~~
     llrint
../Core/Src/main.c:112:11: warning: unused variable 'ADC_Kalman_Value' [-Wunused-variable]
     float ADC_Kalman_Value = KalmanFilter(ADC_BUF_Value, 100);
           ^~~~~~~~~~~~~~~~
../Core/Src/main.c: At top level:
../Core/Src/main.c:181:6: warning: conflicting types for 'swvPrint'
 void swvPrint(int port, char *ptr, int len)
      ^~~~~~~~
../Core/Src/main.c:114:5: note: previous implicit declaration of 'swvPrint' was here
     swvPrint(0, "1", 2);
     ^~~~~~~~
arm-none-eabi-gcc -o "NUCLEO_ADC_KF.elf" @"objects.list"   -mcpu=cortex-m3 -T"D:\work\study\stm32\cubeIDEworkspace\NUCLEO_ADC_KF\STM32F103RBTX_FLASH.ld" --specs=nosys.specs -Wl,-Map="NUCLEO_ADC_KF.map" -Wl,--gc-sections -static --specs=nano.specs -mfloat-abi=soft -mthumb -Wl,--start-group -lc -lm -Wl,--end-group
Finished building target: NUCLEO_ADC_KF.elf
 
arm-none-eabi-objdump -h -S  NUCLEO_ADC_KF.elf  > "NUCLEO_ADC_KF.list"
arm-none-eabi-objcopy  -O binary  NUCLEO_ADC_KF.elf  "NUCLEO_ADC_KF.bin"
arm-none-eabi-size   NUCLEO_ADC_KF.elf 
   text	   data	    bss	    dec	    hex	filename
  18628	    128	   2560	  21316	   5344	NUCLEO_ADC_KF.elf
Finished building: default.size.stdout
 
Finished building: NUCLEO_ADC_KF.bin
 
Finished building: NUCLEO_ADC_KF.list
 
13:56:32 **** Incremental Build of configuration Debug for project NUCLEO_ADC_KF ****
make -j8 all 
arm-none-eabi-gcc "../Core/Src/main.c" -mcpu=cortex-m3 -std=gnu11 -g3 -DUSE_HAL_DRIVER -DSTM32F103xB -DDEBUG -c -I../Drivers/CMSIS/Device/ST/STM32F1xx/Include -I../Drivers/CMSIS/Include -I../Core/Inc -I../Drivers/STM32F1xx_HAL_Driver/Inc/Legacy -I../Drivers/STM32F1xx_HAL_Driver/Inc -I"D:/work/study/stm32/cubeIDEworkspace/NUCLEO_ADC_KF/Core/USER/INC" -O0 -ffunction-sections -fdata-sections -Wall -fstack-usage -MMD -MP -MF"Core/Src/main.d" -MT"Core/Src/main.o" --specs=nano.specs -mfloat-abi=soft -mthumb -o "Core/Src/main.o"
../Core/Src/main.c: In function 'main':
../Core/Src/main.c:115:5: warning: implicit declaration of function 'swvPrint'; did you mean 'llrint'? [-Wimplicit-function-declaration]
     swvPrint(0, "1", 2);
     ^~~~~~~~
     llrint
../Core/Src/main.c:113:11: warning: unused variable 'ADC_Kalman_Value' [-Wunused-variable]
     float ADC_Kalman_Value = KalmanFilter(ADC_BUF_Value, 100);
           ^~~~~~~~~~~~~~~~
../Core/Src/main.c:105:10: warning: variable 'ADC_average' set but not used [-Wunused-but-set-variable]
    float ADC_average = 0;
          ^~~~~~~~~~~
../Core/Src/main.c: At top level:
../Core/Src/main.c:182:6: warning: conflicting types for 'swvPrint'
 void swvPrint(int port, char *ptr, int len)
      ^~~~~~~~
../Core/Src/main.c:115:5: note: previous implicit declaration of 'swvPrint' was here
     swvPrint(0, "1", 2);
     ^~~~~~~~
arm-none-eabi-gcc -o "NUCLEO_ADC_KF.elf" @"objects.list"   -mcpu=cortex-m3 -T"D:\work\study\stm32\cubeIDEworkspace\NUCLEO_ADC_KF\STM32F103RBTX_FLASH.ld" --specs=nosys.specs -Wl,-Map="NUCLEO_ADC_KF.map" -Wl,--gc-sections -static --specs=nano.specs -mfloat-abi=soft -mthumb -Wl,--start-group -lc -lm -Wl,--end-group
Finished building target: NUCLEO_ADC_KF.elf
 
arm-none-eabi-objdump -h -S  NUCLEO_ADC_KF.elf  > "NUCLEO_ADC_KF.list"
arm-none-eabi-objcopy  -O binary  NUCLEO_ADC_KF.elf  "NUCLEO_ADC_KF.bin"
arm-none-eabi-size   NUCLEO_ADC_KF.elf 
   text	   data	    bss	    dec	    hex	filename
  18636	    128	   2560	  21324	   534c	NUCLEO_ADC_KF.elf
Finished building: default.size.stdout
 
Finished building: NUCLEO_ADC_KF.bin
 
Finished building: NUCLEO_ADC_KF.list
 
13:57:51 **** Incremental Build of configuration Debug for project NUCLEO_ADC_KF ****
make -j8 all 
arm-none-eabi-gcc "../Core/Src/main.c" -mcpu=cortex-m3 -std=gnu11 -g3 -DUSE_HAL_DRIVER -DSTM32F103xB -DDEBUG -c -I../Drivers/CMSIS/Device/ST/STM32F1xx/Include -I../Drivers/CMSIS/Include -I../Core/Inc -I../Drivers/STM32F1xx_HAL_Driver/Inc/Legacy -I../Drivers/STM32F1xx_HAL_Driver/Inc -I"D:/work/study/stm32/cubeIDEworkspace/NUCLEO_ADC_KF/Core/USER/INC" -O0 -ffunction-sections -fdata-sections -Wall -fstack-usage -MMD -MP -MF"Core/Src/main.d" -MT"Core/Src/main.o" --specs=nano.specs -mfloat-abi=soft -mthumb -o "Core/Src/main.o"
../Core/Src/main.c: In function 'main':
../Core/Src/main.c:116:5: warning: implicit declaration of function 'swvPrint'; did you mean 'llrint'? [-Wimplicit-function-declaration]
     swvPrint(0, "1", 2);
     ^~~~~~~~
     llrint
../Core/Src/main.c:114:11: warning: unused variable 'ADC_Kalman_Value' [-Wunused-variable]
     float ADC_Kalman_Value = KalmanFilter(ADC_BUF_Value, 100);
           ^~~~~~~~~~~~~~~~
../Core/Src/main.c: At top level:
../Core/Src/main.c:183:6: warning: conflicting types for 'swvPrint'
 void swvPrint(int port, char *ptr, int len)
      ^~~~~~~~
../Core/Src/main.c:116:5: note: previous implicit declaration of 'swvPrint' was here
     swvPrint(0, "1", 2);
     ^~~~~~~~
arm-none-eabi-gcc -o "NUCLEO_ADC_KF.elf" @"objects.list"   -mcpu=cortex-m3 -T"D:\work\study\stm32\cubeIDEworkspace\NUCLEO_ADC_KF\STM32F103RBTX_FLASH.ld" --specs=nosys.specs -Wl,-Map="NUCLEO_ADC_KF.map" -Wl,--gc-sections -static --specs=nano.specs -mfloat-abi=soft -mthumb -Wl,--start-group -lc -lm -Wl,--end-group
Finished building target: NUCLEO_ADC_KF.elf
 
arm-none-eabi-objdump -h -S  NUCLEO_ADC_KF.elf  > "NUCLEO_ADC_KF.list"
arm-none-eabi-objcopy  -O binary  NUCLEO_ADC_KF.elf  "NUCLEO_ADC_KF.bin"
arm-none-eabi-size   NUCLEO_ADC_KF.elf 
   text	   data	    bss	    dec	    hex	filename
  18636	    128	   2560	  21324	   534c	NUCLEO_ADC_KF.elf
Finished building: default.size.stdout
 
Finished building: NUCLEO_ADC_KF.bin
 
Finished building: NUCLEO_ADC_KF.list
 
13:58:58 **** Incremental Build of configuration Debug for project NUCLEO_ADC_KF ****
make -j8 all 
arm-none-eabi-size   NUCLEO_ADC_KF.elf 
   text	   data	    bss	    dec	    hex	filename
  18636	    128	   2560	  21324	   534c	NUCLEO_ADC_KF.elf
Finished building: default.size.stdout
 
13:59:44 **** Incremental Build of configuration Debug for project NUCLEO_ADC_KF ****
make -j8 all 
arm-none-eabi-size   NUCLEO_ADC_KF.elf 
   text	   data	    bss	    dec	    hex	filename
  18636	    128	   2560	  21324	   534c	NUCLEO_ADC_KF.elf
Finished building: default.size.stdout
 
14:00:14 **** Incremental Build of configuration Debug for project NUCLEO_ADC_KF ****
make -j8 all 
arm-none-eabi-gcc "../Core/Src/main.c" -mcpu=cortex-m3 -std=gnu11 -g3 -DUSE_HAL_DRIVER -DSTM32F103xB -DDEBUG -c -I../Drivers/CMSIS/Device/ST/STM32F1xx/Include -I../Drivers/CMSIS/Include -I../Core/Inc -I../Drivers/STM32F1xx_HAL_Driver/Inc/Legacy -I../Drivers/STM32F1xx_HAL_Driver/Inc -I"D:/work/study/stm32/cubeIDEworkspace/NUCLEO_ADC_KF/Core/USER/INC" -O0 -ffunction-sections -fdata-sections -Wall -fstack-usage -MMD -MP -MF"Core/Src/main.d" -MT"Core/Src/main.o" --specs=nano.specs -mfloat-abi=soft -mthumb -o "Core/Src/main.o"
../Core/Src/main.c: In function 'main':
../Core/Src/main.c:117:5: warning: implicit declaration of function 'swvPrint'; did you mean 'llrint'? [-Wimplicit-function-declaration]
     swvPrint(0, "1", 2);
     ^~~~~~~~
     llrint
../Core/Src/main.c: At top level:
../Core/Src/main.c:184:6: warning: conflicting types for 'swvPrint'
 void swvPrint(int port, char *ptr, int len)
      ^~~~~~~~
../Core/Src/main.c:117:5: note: previous implicit declaration of 'swvPrint' was here
     swvPrint(0, "1", 2);
     ^~~~~~~~
arm-none-eabi-gcc -o "NUCLEO_ADC_KF.elf" @"objects.list"   -mcpu=cortex-m3 -T"D:\work\study\stm32\cubeIDEworkspace\NUCLEO_ADC_KF\STM32F103RBTX_FLASH.ld" --specs=nosys.specs -Wl,-Map="NUCLEO_ADC_KF.map" -Wl,--gc-sections -static --specs=nano.specs -mfloat-abi=soft -mthumb -Wl,--start-group -lc -lm -Wl,--end-group
Finished building target: NUCLEO_ADC_KF.elf
 
arm-none-eabi-objdump -h -S  NUCLEO_ADC_KF.elf  > "NUCLEO_ADC_KF.list"
arm-none-eabi-objcopy  -O binary  NUCLEO_ADC_KF.elf  "NUCLEO_ADC_KF.bin"
arm-none-eabi-size   NUCLEO_ADC_KF.elf 
   text	   data	    bss	    dec	    hex	filename
  18644	    128	   2568	  21340	   535c	NUCLEO_ADC_KF.elf
Finished building: default.size.stdout
 
Finished building: NUCLEO_ADC_KF.bin
 
Finished building: NUCLEO_ADC_KF.list
 
14:00:27 **** Incremental Build of configuration Debug for project NUCLEO_ADC_KF ****
make -j8 all 
arm-none-eabi-size   NUCLEO_ADC_KF.elf 
   text	   data	    bss	    dec	    hex	filename
  18644	    128	   2568	  21340	   535c	NUCLEO_ADC_KF.elf
Finished building: default.size.stdout
 
14:01:25 **** Incremental Build of configuration Debug for project NUCLEO_ADC_KF ****
make -j8 all 
arm-none-eabi-size   NUCLEO_ADC_KF.elf 
   text	   data	    bss	    dec	    hex	filename
  18644	    128	   2568	  21340	   535c	NUCLEO_ADC_KF.elf
Finished building: default.size.stdout
 
14:01:41 **** Incremental Build of configuration Debug for project NUCLEO_ADC_KF ****
make -j8 all 
arm-none-eabi-size   NUCLEO_ADC_KF.elf 
   text	   data	    bss	    dec	    hex	filename
  18644	    128	   2568	  21340	   535c	NUCLEO_ADC_KF.elf
Finished building: default.size.stdout
 
14:47:43 **** Incremental Build of configuration Debug for project NUCLEO_ADC_KF ****
make -j8 all 
arm-none-eabi-size   NUCLEO_ADC_KF.elf 
   text	   data	    bss	    dec	    hex	filename
  18644	    128	   2568	  21340	   535c	NUCLEO_ADC_KF.elf
Finished building: default.size.stdout
 
18:34:51 **** Incremental Build of configuration Debug for project F4_DAC ****
make -j8 all 
arm-none-eabi-gcc "../Core/Src/main.c" -mcpu=cortex-m4 -std=gnu11 -g3 -DUSE_HAL_DRIVER -DDEBUG -DSTM32F407xx -c -I../Drivers/CMSIS/Include -I../Drivers/STM32F4xx_HAL_Driver/Inc -I../Core/Inc -I../Drivers/CMSIS/Device/ST/STM32F4xx/Include -I../Drivers/STM32F4xx_HAL_Driver/Inc/Legacy -O0 -ffunction-sections -fdata-sections -Wall -fstack-usage -MMD -MP -MF"Core/Src/main.d" -MT"Core/Src/main.o" --specs=nano.specs -mfpu=fpv4-sp-d16 -mfloat-abi=hard -mthumb -o "Core/Src/main.o"
arm-none-eabi-gcc -o "F4_DAC.elf" @"objects.list"   -mcpu=cortex-m4 -T"D:\work\study\stm32\cubeIDEworkspace\F4_DAC\STM32F407ZGTX_FLASH.ld" --specs=nosys.specs -Wl,-Map="F4_DAC.map" -Wl,--gc-sections -static --specs=nano.specs -mfpu=fpv4-sp-d16 -mfloat-abi=hard -mthumb -Wl,--start-group -lc -lm -Wl,--end-group
Finished building target: F4_DAC.elf
 
arm-none-eabi-objdump -h -S  F4_DAC.elf  > "F4_DAC.list"
arm-none-eabi-objcopy  -O binary  F4_DAC.elf  "F4_DAC.bin"
arm-none-eabi-size   F4_DAC.elf 
   text	   data	    bss	    dec	    hex	filename
   6532	     20	   1588	   8140	   1fcc	F4_DAC.elf
Finished building: default.size.stdout
 
Finished building: F4_DAC.bin
Finished building: F4_DAC.list
 
 
18:35:20 **** Incremental Build of configuration Debug for project NUCLEO_ADC_KF ****
make -j8 all 
arm-none-eabi-gcc "../Core/Src/main.c" -mcpu=cortex-m3 -std=gnu11 -g3 -DUSE_HAL_DRIVER -DSTM32F103xB -DDEBUG -c -I../Drivers/CMSIS/Device/ST/STM32F1xx/Include -I../Drivers/CMSIS/Include -I../Core/Inc -I../Drivers/STM32F1xx_HAL_Driver/Inc/Legacy -I../Drivers/STM32F1xx_HAL_Driver/Inc -I"D:/work/study/stm32/cubeIDEworkspace/NUCLEO_ADC_KF/Core/USER/INC" -O0 -ffunction-sections -fdata-sections -Wall -fstack-usage -MMD -MP -MF"Core/Src/main.d" -MT"Core/Src/main.o" --specs=nano.specs -mfloat-abi=soft -mthumb -o "Core/Src/main.o"
../Core/Src/main.c: In function 'main':
../Core/Src/main.c:117:5: warning: implicit declaration of function 'swvPrint'; did you mean 'llrint'? [-Wimplicit-function-declaration]
     swvPrint(0, "1", 2);
     ^~~~~~~~
     llrint
../Core/Src/main.c: At top level:
../Core/Src/main.c:184:6: warning: conflicting types for 'swvPrint'
 void swvPrint(int port, char *ptr, int len)
      ^~~~~~~~
../Core/Src/main.c:117:5: note: previous implicit declaration of 'swvPrint' was here
     swvPrint(0, "1", 2);
     ^~~~~~~~
arm-none-eabi-gcc -o "NUCLEO_ADC_KF.elf" @"objects.list"   -mcpu=cortex-m3 -T"D:\work\study\stm32\cubeIDEworkspace\NUCLEO_ADC_KF\STM32F103RBTX_FLASH.ld" --specs=nosys.specs -Wl,-Map="NUCLEO_ADC_KF.map" -Wl,--gc-sections -static --specs=nano.specs -mfloat-abi=soft -mthumb -Wl,--start-group -lc -lm -Wl,--end-group
Finished building target: NUCLEO_ADC_KF.elf
 
arm-none-eabi-objdump -h -S  NUCLEO_ADC_KF.elf  > "NUCLEO_ADC_KF.list"
arm-none-eabi-objcopy  -O binary  NUCLEO_ADC_KF.elf  "NUCLEO_ADC_KF.bin"
arm-none-eabi-size   NUCLEO_ADC_KF.elf 
   text	   data	    bss	    dec	    hex	filename
  18644	    128	   2568	  21340	   535c	NUCLEO_ADC_KF.elf
Finished building: default.size.stdout
 
Finished building: NUCLEO_ADC_KF.bin
 
Finished building: NUCLEO_ADC_KF.list
 
18:36:13 **** Incremental Build of configuration Debug for project NUCLEO_ADC_KF ****
make -j8 all 
arm-none-eabi-gcc "../Core/Src/main.c" -mcpu=cortex-m3 -std=gnu11 -g3 -DUSE_HAL_DRIVER -DSTM32F103xB -DDEBUG -c -I../Drivers/CMSIS/Device/ST/STM32F1xx/Include -I../Drivers/CMSIS/Include -I../Core/Inc -I../Drivers/STM32F1xx_HAL_Driver/Inc/Legacy -I../Drivers/STM32F1xx_HAL_Driver/Inc -I"D:/work/study/stm32/cubeIDEworkspace/NUCLEO_ADC_KF/Core/USER/INC" -O0 -ffunction-sections -fdata-sections -Wall -fstack-usage -MMD -MP -MF"Core/Src/main.d" -MT"Core/Src/main.o" --specs=nano.specs -mfloat-abi=soft -mthumb -o "Core/Src/main.o"
../Core/Src/main.c: In function 'main':
../Core/Src/main.c:117:5: warning: implicit declaration of function 'swvPrint'; did you mean 'llrint'? [-Wimplicit-function-declaration]
     swvPrint(0, "1", 2);
     ^~~~~~~~
     llrint
../Core/Src/main.c: At top level:
../Core/Src/main.c:184:6: warning: conflicting types for 'swvPrint'
 void swvPrint(int port, char *ptr, int len)
      ^~~~~~~~
../Core/Src/main.c:117:5: note: previous implicit declaration of 'swvPrint' was here
     swvPrint(0, "1", 2);
     ^~~~~~~~
arm-none-eabi-gcc -o "NUCLEO_ADC_KF.elf" @"objects.list"   -mcpu=cortex-m3 -T"D:\work\study\stm32\cubeIDEworkspace\NUCLEO_ADC_KF\STM32F103RBTX_FLASH.ld" --specs=nosys.specs -Wl,-Map="NUCLEO_ADC_KF.map" -Wl,--gc-sections -static --specs=nano.specs -mfloat-abi=soft -mthumb -Wl,--start-group -lc -lm -Wl,--end-group
Finished building target: NUCLEO_ADC_KF.elf
 
arm-none-eabi-objdump -h -S  NUCLEO_ADC_KF.elf  > "NUCLEO_ADC_KF.list"
arm-none-eabi-objcopy  -O binary  NUCLEO_ADC_KF.elf  "NUCLEO_ADC_KF.bin"
arm-none-eabi-size   NUCLEO_ADC_KF.elf 
   text	   data	    bss	    dec	    hex	filename
  18644	    128	   2568	  21340	   535c	NUCLEO_ADC_KF.elf
Finished building: default.size.stdout
 
Finished building: NUCLEO_ADC_KF.bin
 
Finished building: NUCLEO_ADC_KF.list
 
18:37:45 **** Incremental Build of configuration Debug for project NUCLEO_ADC_KF ****
make -j8 all 
arm-none-eabi-gcc "../Core/USER/KalmanFilter/KalmanFilter.c" -mcpu=cortex-m3 -std=gnu11 -g3 -DUSE_HAL_DRIVER -DSTM32F103xB -DDEBUG -c -I../Drivers/CMSIS/Device/ST/STM32F1xx/Include -I../Drivers/CMSIS/Include -I../Core/Inc -I../Drivers/STM32F1xx_HAL_Driver/Inc/Legacy -I../Drivers/STM32F1xx_HAL_Driver/Inc -I"D:/work/study/stm32/cubeIDEworkspace/NUCLEO_ADC_KF/Core/USER/INC" -O0 -ffunction-sections -fdata-sections -Wall -fstack-usage -MMD -MP -MF"Core/USER/KalmanFilter/KalmanFilter.d" -MT"Core/USER/KalmanFilter/KalmanFilter.o" --specs=nano.specs -mfloat-abi=soft -mthumb -o "Core/USER/KalmanFilter/KalmanFilter.o"
arm-none-eabi-gcc -o "NUCLEO_ADC_KF.elf" @"objects.list"   -mcpu=cortex-m3 -T"D:\work\study\stm32\cubeIDEworkspace\NUCLEO_ADC_KF\STM32F103RBTX_FLASH.ld" --specs=nosys.specs -Wl,-Map="NUCLEO_ADC_KF.map" -Wl,--gc-sections -static --specs=nano.specs -mfloat-abi=soft -mthumb -Wl,--start-group -lc -lm -Wl,--end-group
Finished building target: NUCLEO_ADC_KF.elf
 
arm-none-eabi-objdump -h -S  NUCLEO_ADC_KF.elf  > "NUCLEO_ADC_KF.list"
arm-none-eabi-objcopy  -O binary  NUCLEO_ADC_KF.elf  "NUCLEO_ADC_KF.bin"
arm-none-eabi-size   NUCLEO_ADC_KF.elf 
   text	   data	    bss	    dec	    hex	filename
  18644	    128	   2568	  21340	   535c	NUCLEO_ADC_KF.elf
Finished building: default.size.stdout
 
Finished building: NUCLEO_ADC_KF.bin
 
Finished building: NUCLEO_ADC_KF.list
 
18:38:41 **** Incremental Build of configuration Debug for project NUCLEO_ADC_KF ****
make -j8 all 
arm-none-eabi-gcc "../Core/Src/main.c" -mcpu=cortex-m3 -std=gnu11 -g3 -DUSE_HAL_DRIVER -DSTM32F103xB -DDEBUG -c -I../Drivers/CMSIS/Device/ST/STM32F1xx/Include -I../Drivers/CMSIS/Include -I../Core/Inc -I../Drivers/STM32F1xx_HAL_Driver/Inc/Legacy -I../Drivers/STM32F1xx_HAL_Driver/Inc -I"D:/work/study/stm32/cubeIDEworkspace/NUCLEO_ADC_KF/Core/USER/INC" -O0 -ffunction-sections -fdata-sections -Wall -fstack-usage -MMD -MP -MF"Core/Src/main.d" -MT"Core/Src/main.o" --specs=nano.specs -mfloat-abi=soft -mthumb -o "Core/Src/main.o"
../Core/Src/main.c: In function 'main':
../Core/Src/main.c:117:5: warning: implicit declaration of function 'swvPrint'; did you mean 'llrint'? [-Wimplicit-function-declaration]
     swvPrint(0, "1", 2);
     ^~~~~~~~
     llrint
../Core/Src/main.c: At top level:
../Core/Src/main.c:184:6: warning: conflicting types for 'swvPrint'
 void swvPrint(int port, char *ptr, int len)
      ^~~~~~~~
../Core/Src/main.c:117:5: note: previous implicit declaration of 'swvPrint' was here
     swvPrint(0, "1", 2);
     ^~~~~~~~
arm-none-eabi-gcc -o "NUCLEO_ADC_KF.elf" @"objects.list"   -mcpu=cortex-m3 -T"D:\work\study\stm32\cubeIDEworkspace\NUCLEO_ADC_KF\STM32F103RBTX_FLASH.ld" --specs=nosys.specs -Wl,-Map="NUCLEO_ADC_KF.map" -Wl,--gc-sections -static --specs=nano.specs -mfloat-abi=soft -mthumb -Wl,--start-group -lc -lm -Wl,--end-group
Finished building target: NUCLEO_ADC_KF.elf
 
arm-none-eabi-objdump -h -S  NUCLEO_ADC_KF.elf  > "NUCLEO_ADC_KF.list"
arm-none-eabi-objcopy  -O binary  NUCLEO_ADC_KF.elf  "NUCLEO_ADC_KF.bin"
arm-none-eabi-size   NUCLEO_ADC_KF.elf 
   text	   data	    bss	    dec	    hex	filename
  18644	    128	   2568	  21340	   535c	NUCLEO_ADC_KF.elf
Finished building: default.size.stdout
 
Finished building: NUCLEO_ADC_KF.bin
 
Finished building: NUCLEO_ADC_KF.list
 
20:53:08 **** Incremental Build of configuration Debug for project NUCLEO_ADC_KF ****
make -j8 all 
arm-none-eabi-gcc "../Core/Src/main.c" -mcpu=cortex-m3 -std=gnu11 -g3 -DUSE_HAL_DRIVER -DSTM32F103xB -DDEBUG -c -I../Drivers/CMSIS/Device/ST/STM32F1xx/Include -I../Drivers/CMSIS/Include -I../Core/Inc -I../Drivers/STM32F1xx_HAL_Driver/Inc/Legacy -I../Drivers/STM32F1xx_HAL_Driver/Inc -I"D:/work/study/stm32/cubeIDEworkspace/NUCLEO_ADC_KF/Core/USER/INC" -O0 -ffunction-sections -fdata-sections -Wall -fstack-usage -MMD -MP -MF"Core/Src/main.d" -MT"Core/Src/main.o" --specs=nano.specs -mfloat-abi=soft -mthumb -o "Core/Src/main.o"
../Core/Src/main.c: In function 'main':
../Core/Src/main.c:117:5: warning: implicit declaration of function 'swvPrint'; did you mean 'llrint'? [-Wimplicit-function-declaration]
     swvPrint(0, "1", 2);
     ^~~~~~~~
     llrint
../Core/Src/main.c: At top level:
../Core/Src/main.c:184:6: warning: conflicting types for 'swvPrint'
 void swvPrint(int port, char *ptr, int len)
      ^~~~~~~~
../Core/Src/main.c:117:5: note: previous implicit declaration of 'swvPrint' was here
     swvPrint(0, "1", 2);
     ^~~~~~~~
arm-none-eabi-gcc -o "NUCLEO_ADC_KF.elf" @"objects.list"   -mcpu=cortex-m3 -T"D:\work\study\stm32\cubeIDEworkspace\NUCLEO_ADC_KF\STM32F103RBTX_FLASH.ld" --specs=nosys.specs -Wl,-Map="NUCLEO_ADC_KF.map" -Wl,--gc-sections -static --specs=nano.specs -mfloat-abi=soft -mthumb -Wl,--start-group -lc -lm -Wl,--end-group
Finished building target: NUCLEO_ADC_KF.elf
 
arm-none-eabi-objdump -h -S  NUCLEO_ADC_KF.elf  > "NUCLEO_ADC_KF.list"
arm-none-eabi-objcopy  -O binary  NUCLEO_ADC_KF.elf  "NUCLEO_ADC_KF.bin"
arm-none-eabi-size   NUCLEO_ADC_KF.elf 
   text	   data	    bss	    dec	    hex	filename
  18644	    128	   2568	  21340	   535c	NUCLEO_ADC_KF.elf
Finished building: default.size.stdout
 
Finished building: NUCLEO_ADC_KF.bin
 
Finished building: NUCLEO_ADC_KF.list
 
20:54:21 **** Incremental Build of configuration Debug for project NUCLEO_ADC_KF ****
make -j8 all 
arm-none-eabi-gcc "../Core/Src/main.c" -mcpu=cortex-m3 -std=gnu11 -g3 -DUSE_HAL_DRIVER -DSTM32F103xB -DDEBUG -c -I../Drivers/CMSIS/Device/ST/STM32F1xx/Include -I../Drivers/CMSIS/Include -I../Core/Inc -I../Drivers/STM32F1xx_HAL_Driver/Inc/Legacy -I../Drivers/STM32F1xx_HAL_Driver/Inc -I"D:/work/study/stm32/cubeIDEworkspace/NUCLEO_ADC_KF/Core/USER/INC" -O0 -ffunction-sections -fdata-sections -Wall -fstack-usage -MMD -MP -MF"Core/Src/main.d" -MT"Core/Src/main.o" --specs=nano.specs -mfloat-abi=soft -mthumb -o "Core/Src/main.o"
../Core/Src/main.c: In function 'main':
../Core/Src/main.c:117:5: warning: implicit declaration of function 'swvPrint'; did you mean 'llrint'? [-Wimplicit-function-declaration]
     swvPrint(0, "1", 2);
     ^~~~~~~~
     llrint
../Core/Src/main.c: At top level:
../Core/Src/main.c:184:6: warning: conflicting types for 'swvPrint'
 void swvPrint(int port, char *ptr, int len)
      ^~~~~~~~
../Core/Src/main.c:117:5: note: previous implicit declaration of 'swvPrint' was here
     swvPrint(0, "1", 2);
     ^~~~~~~~
arm-none-eabi-gcc -o "NUCLEO_ADC_KF.elf" @"objects.list"   -mcpu=cortex-m3 -T"D:\work\study\stm32\cubeIDEworkspace\NUCLEO_ADC_KF\STM32F103RBTX_FLASH.ld" --specs=nosys.specs -Wl,-Map="NUCLEO_ADC_KF.map" -Wl,--gc-sections -static --specs=nano.specs -mfloat-abi=soft -mthumb -Wl,--start-group -lc -lm -Wl,--end-group
Finished building target: NUCLEO_ADC_KF.elf
 
arm-none-eabi-objdump -h -S  NUCLEO_ADC_KF.elf  > "NUCLEO_ADC_KF.list"
arm-none-eabi-objcopy  -O binary  NUCLEO_ADC_KF.elf  "NUCLEO_ADC_KF.bin"
arm-none-eabi-size   NUCLEO_ADC_KF.elf 
   text	   data	    bss	    dec	    hex	filename
  18644	    128	   2568	  21340	   535c	NUCLEO_ADC_KF.elf
Finished building: default.size.stdout
 
Finished building: NUCLEO_ADC_KF.bin
 
Finished building: NUCLEO_ADC_KF.list
 
20:55:13 **** Incremental Build of configuration Debug for project NUCLEO_ADC_KF ****
make -j8 all 
arm-none-eabi-gcc "../Core/Src/main.c" -mcpu=cortex-m3 -std=gnu11 -g3 -DUSE_HAL_DRIVER -DSTM32F103xB -DDEBUG -c -I../Drivers/CMSIS/Device/ST/STM32F1xx/Include -I../Drivers/CMSIS/Include -I../Core/Inc -I../Drivers/STM32F1xx_HAL_Driver/Inc/Legacy -I../Drivers/STM32F1xx_HAL_Driver/Inc -I"D:/work/study/stm32/cubeIDEworkspace/NUCLEO_ADC_KF/Core/USER/INC" -O0 -ffunction-sections -fdata-sections -Wall -fstack-usage -MMD -MP -MF"Core/Src/main.d" -MT"Core/Src/main.o" --specs=nano.specs -mfloat-abi=soft -mthumb -o "Core/Src/main.o"
../Core/Src/main.c: In function 'main':
../Core/Src/main.c:117:5: warning: implicit declaration of function 'swvPrint'; did you mean 'llrint'? [-Wimplicit-function-declaration]
     swvPrint(0, "1", 2);
     ^~~~~~~~
     llrint
../Core/Src/main.c: At top level:
../Core/Src/main.c:184:6: warning: conflicting types for 'swvPrint'
 void swvPrint(int port, char *ptr, int len)
      ^~~~~~~~
../Core/Src/main.c:117:5: note: previous implicit declaration of 'swvPrint' was here
     swvPrint(0, "1", 2);
     ^~~~~~~~
arm-none-eabi-gcc -o "NUCLEO_ADC_KF.elf" @"objects.list"   -mcpu=cortex-m3 -T"D:\work\study\stm32\cubeIDEworkspace\NUCLEO_ADC_KF\STM32F103RBTX_FLASH.ld" --specs=nosys.specs -Wl,-Map="NUCLEO_ADC_KF.map" -Wl,--gc-sections -static --specs=nano.specs -mfloat-abi=soft -mthumb -Wl,--start-group -lc -lm -Wl,--end-group
Finished building target: NUCLEO_ADC_KF.elf
 
arm-none-eabi-objdump -h -S  NUCLEO_ADC_KF.elf  > "NUCLEO_ADC_KF.list"
arm-none-eabi-objcopy  -O binary  NUCLEO_ADC_KF.elf  "NUCLEO_ADC_KF.bin"
arm-none-eabi-size   NUCLEO_ADC_KF.elf 
   text	   data	    bss	    dec	    hex	filename
  18644	    128	   2568	  21340	   535c	NUCLEO_ADC_KF.elf
Finished building: default.size.stdout
 
Finished building: NUCLEO_ADC_KF.bin
 
Finished building: NUCLEO_ADC_KF.list
 
20:56:53 **** Incremental Build of configuration Debug for project NUCLEO_ADC_KF ****
make -j8 all 
arm-none-eabi-size   NUCLEO_ADC_KF.elf 
   text	   data	    bss	    dec	    hex	filename
  18644	    128	   2568	  21340	   535c	NUCLEO_ADC_KF.elf
Finished building: default.size.stdout
 
20:57:48 **** Incremental Build of configuration Debug for project NUCLEO_ADC_KF ****
make -j8 all 
arm-none-eabi-size   NUCLEO_ADC_KF.elf 
   text	   data	    bss	    dec	    hex	filename
  18644	    128	   2568	  21340	   535c	NUCLEO_ADC_KF.elf
Finished building: default.size.stdout
 
20:58:18 **** Incremental Build of configuration Debug for project NUCLEO_ADC_KF ****
make -j8 all 
arm-none-eabi-size   NUCLEO_ADC_KF.elf 
   text	   data	    bss	    dec	    hex	filename
  18644	    128	   2568	  21340	   535c	NUCLEO_ADC_KF.elf
Finished building: default.size.stdout
 
21:00:25 **** Incremental Build of configuration Debug for project NUCLEO_ADC_KF ****
make -j8 all 
arm-none-eabi-size   NUCLEO_ADC_KF.elf 
   text	   data	    bss	    dec	    hex	filename
  18644	    128	   2568	  21340	   535c	NUCLEO_ADC_KF.elf
Finished building: default.size.stdout
 
16:22:01 **** Incremental Build of configuration Debug for project NUCLEO_ADC_KF ****
make -j8 all 
arm-none-eabi-size   NUCLEO_ADC_KF.elf 
   text	   data	    bss	    dec	    hex	filename
  18644	    128	   2568	  21340	   535c	NUCLEO_ADC_KF.elf
Finished building: default.size.stdout
 
16:22:25 **** Incremental Build of configuration Debug for project NUCLEO_ADC_KF ****
make -j8 all 
arm-none-eabi-size   NUCLEO_ADC_KF.elf 
   text	   data	    bss	    dec	    hex	filename
  18644	    128	   2568	  21340	   535c	NUCLEO_ADC_KF.elf
Finished building: default.size.stdout
 
16:29:14 **** Incremental Build of configuration Debug for project NUCLEO_ADC_KF ****
make -j8 all 
arm-none-eabi-size   NUCLEO_ADC_KF.elf 
   text	   data	    bss	    dec	    hex	filename
  18644	    128	   2568	  21340	   535c	NUCLEO_ADC_KF.elf
Finished building: default.size.stdout
 
17:56:48 **** Incremental Build of configuration Debug for project NUCLEO_ADC_KF ****
make -j8 all 
arm-none-eabi-size   NUCLEO_ADC_KF.elf 
   text	   data	    bss	    dec	    hex	filename
  18644	    128	   2568	  21340	   535c	NUCLEO_ADC_KF.elf
Finished building: default.size.stdout
 
17:57:12 **** Incremental Build of configuration Debug for project NUCLEO_ADC_KF ****
make -j8 all 
arm-none-eabi-size   NUCLEO_ADC_KF.elf 
   text	   data	    bss	    dec	    hex	filename
  18644	    128	   2568	  21340	   535c	NUCLEO_ADC_KF.elf
Finished building: default.size.stdout
 
17:57:59 **** Incremental Build of configuration Debug for project NUCLEO_ADC_KF ****
make -j8 all 
arm-none-eabi-gcc "../Core/Src/main.c" -mcpu=cortex-m3 -std=gnu11 -g3 -DUSE_HAL_DRIVER -DSTM32F103xB -DDEBUG -c -I../Drivers/CMSIS/Device/ST/STM32F1xx/Include -I../Drivers/CMSIS/Include -I../Core/Inc -I../Drivers/STM32F1xx_HAL_Driver/Inc/Legacy -I../Drivers/STM32F1xx_HAL_Driver/Inc -I"D:/work/study/stm32/cubeIDEworkspace/NUCLEO_ADC_KF/Core/USER/INC" -O0 -ffunction-sections -fdata-sections -Wall -fstack-usage -MMD -MP -MF"Core/Src/main.d" -MT"Core/Src/main.o" --specs=nano.specs -mfloat-abi=soft -mthumb -o "Core/Src/main.o"
../Core/Src/main.c: In function 'main':
../Core/Src/main.c:117:5: warning: implicit declaration of function 'swvPrint'; did you mean 'llrint'? [-Wimplicit-function-declaration]
     swvPrint(0, "1", 2);
     ^~~~~~~~
     llrint
../Core/Src/main.c: At top level:
../Core/Src/main.c:184:6: warning: conflicting types for 'swvPrint'
 void swvPrint(int port, char *ptr, int len)
      ^~~~~~~~
../Core/Src/main.c:117:5: note: previous implicit declaration of 'swvPrint' was here
     swvPrint(0, "1", 2);
     ^~~~~~~~
arm-none-eabi-gcc -o "NUCLEO_ADC_KF.elf" @"objects.list"   -mcpu=cortex-m3 -T"D:\work\study\stm32\cubeIDEworkspace\NUCLEO_ADC_KF\STM32F103RBTX_FLASH.ld" --specs=nosys.specs -Wl,-Map="NUCLEO_ADC_KF.map" -Wl,--gc-sections -static --specs=nano.specs -mfloat-abi=soft -mthumb -Wl,--start-group -lc -lm -Wl,--end-group
Finished building target: NUCLEO_ADC_KF.elf
 
arm-none-eabi-objdump -h -S  NUCLEO_ADC_KF.elf  > "NUCLEO_ADC_KF.list"
arm-none-eabi-objcopy  -O binary  NUCLEO_ADC_KF.elf  "NUCLEO_ADC_KF.bin"
arm-none-eabi-size   NUCLEO_ADC_KF.elf 
   text	   data	    bss	    dec	    hex	filename
  18644	    128	   2568	  21340	   535c	NUCLEO_ADC_KF.elf
Finished building: default.size.stdout
 
Finished building: NUCLEO_ADC_KF.bin
 
Finished building: NUCLEO_ADC_KF.list
 
18:12:01 **** Incremental Build of configuration Debug for project NUCLEO_ADC_KF ****
make -j8 all 
arm-none-eabi-size   NUCLEO_ADC_KF.elf 
   text	   data	    bss	    dec	    hex	filename
  18644	    128	   2568	  21340	   535c	NUCLEO_ADC_KF.elf
Finished building: default.size.stdout
 
18:13:08 **** Incremental Build of configuration Debug for project NUCLEO_ADC_KF ****
make -j8 all 
arm-none-eabi-size   NUCLEO_ADC_KF.elf 
   text	   data	    bss	    dec	    hex	filename
  18644	    128	   2568	  21340	   535c	NUCLEO_ADC_KF.elf
Finished building: default.size.stdout
 
18:16:59 **** Incremental Build of configuration Debug for project F4_DAC ****
make -j8 all 
arm-none-eabi-gcc "../Drivers/STM32F4xx_HAL_Driver/Src/stm32f4xx_hal.c" -mcpu=cortex-m4 -std=gnu11 -g3 -DUSE_HAL_DRIVER -DDEBUG -DSTM32F407xx -c -I../Drivers/CMSIS/Include -I../Drivers/STM32F4xx_HAL_Driver/Inc -I../Core/Inc -I../Drivers/CMSIS/Device/ST/STM32F4xx/Include -I../Drivers/STM32F4xx_HAL_Driver/Inc/Legacy -O0 -ffunction-sections -fdata-sections -Wall -fstack-usage -MMD -MP -MF"Drivers/STM32F4xx_HAL_Driver/Src/stm32f4xx_hal.d" -MT"Drivers/STM32F4xx_HAL_Driver/Src/stm32f4xx_hal.o" --specs=nano.specs -mfpu=fpv4-sp-d16 -mfloat-abi=hard -mthumb -o "Drivers/STM32F4xx_HAL_Driver/Src/stm32f4xx_hal.o"
arm-none-eabi-gcc "../Drivers/STM32F4xx_HAL_Driver/Src/stm32f4xx_hal_cortex.c" -mcpu=cortex-m4 -std=gnu11 -g3 -DUSE_HAL_DRIVER -DDEBUG -DSTM32F407xx -c -I../Drivers/CMSIS/Include -I../Drivers/STM32F4xx_HAL_Driver/Inc -I../Core/Inc -I../Drivers/CMSIS/Device/ST/STM32F4xx/Include -I../Drivers/STM32F4xx_HAL_Driver/Inc/Legacy -O0 -ffunction-sections -fdata-sections -Wall -fstack-usage -MMD -MP -MF"Drivers/STM32F4xx_HAL_Driver/Src/stm32f4xx_hal_cortex.d" -MT"Drivers/STM32F4xx_HAL_Driver/Src/stm32f4xx_hal_cortex.o" --specs=nano.specs -mfpu=fpv4-sp-d16 -mfloat-abi=hard -mthumb -o "Drivers/STM32F4xx_HAL_Driver/Src/stm32f4xx_hal_cortex.o"
arm-none-eabi-gcc "../Drivers/STM32F4xx_HAL_Driver/Src/stm32f4xx_hal_dac.c" -mcpu=cortex-m4 -std=gnu11 -g3 -DUSE_HAL_DRIVER -DDEBUG -DSTM32F407xx -c -I../Drivers/CMSIS/Include -I../Drivers/STM32F4xx_HAL_Driver/Inc -I../Core/Inc -I../Drivers/CMSIS/Device/ST/STM32F4xx/Include -I../Drivers/STM32F4xx_HAL_Driver/Inc/Legacy -O0 -ffunction-sections -fdata-sections -Wall -fstack-usage -MMD -MP -MF"Drivers/STM32F4xx_HAL_Driver/Src/stm32f4xx_hal_dac.d" -MT"Drivers/STM32F4xx_HAL_Driver/Src/stm32f4xx_hal_dac.o" --specs=nano.specs -mfpu=fpv4-sp-d16 -mfloat-abi=hard -mthumb -o "Drivers/STM32F4xx_HAL_Driver/Src/stm32f4xx_hal_dac.o"
arm-none-eabi-gcc "../Drivers/STM32F4xx_HAL_Driver/Src/stm32f4xx_hal_dac_ex.c" -mcpu=cortex-m4 -std=gnu11 -g3 -DUSE_HAL_DRIVER -DDEBUG -DSTM32F407xx -c -I../Drivers/CMSIS/Include -I../Drivers/STM32F4xx_HAL_Driver/Inc -I../Core/Inc -I../Drivers/CMSIS/Device/ST/STM32F4xx/Include -I../Drivers/STM32F4xx_HAL_Driver/Inc/Legacy -O0 -ffunction-sections -fdata-sections -Wall -fstack-usage -MMD -MP -MF"Drivers/STM32F4xx_HAL_Driver/Src/stm32f4xx_hal_dac_ex.d" -MT"Drivers/STM32F4xx_HAL_Driver/Src/stm32f4xx_hal_dac_ex.o" --specs=nano.specs -mfpu=fpv4-sp-d16 -mfloat-abi=hard -mthumb -o "Drivers/STM32F4xx_HAL_Driver/Src/stm32f4xx_hal_dac_ex.o"
arm-none-eabi-gcc "../Drivers/STM32F4xx_HAL_Driver/Src/stm32f4xx_hal_dma.c" -mcpu=cortex-m4 -std=gnu11 -g3 -DUSE_HAL_DRIVER -DDEBUG -DSTM32F407xx -c -I../Drivers/CMSIS/Include -I../Drivers/STM32F4xx_HAL_Driver/Inc -I../Core/Inc -I../Drivers/CMSIS/Device/ST/STM32F4xx/Include -I../Drivers/STM32F4xx_HAL_Driver/Inc/Legacy -O0 -ffunction-sections -fdata-sections -Wall -fstack-usage -MMD -MP -MF"Drivers/STM32F4xx_HAL_Driver/Src/stm32f4xx_hal_dma.d" -MT"Drivers/STM32F4xx_HAL_Driver/Src/stm32f4xx_hal_dma.o" --specs=nano.specs -mfpu=fpv4-sp-d16 -mfloat-abi=hard -mthumb -o "Drivers/STM32F4xx_HAL_Driver/Src/stm32f4xx_hal_dma.o"
arm-none-eabi-gcc "../Drivers/STM32F4xx_HAL_Driver/Src/stm32f4xx_hal_dma_ex.c" -mcpu=cortex-m4 -std=gnu11 -g3 -DUSE_HAL_DRIVER -DDEBUG -DSTM32F407xx -c -I../Drivers/CMSIS/Include -I../Drivers/STM32F4xx_HAL_Driver/Inc -I../Core/Inc -I../Drivers/CMSIS/Device/ST/STM32F4xx/Include -I../Drivers/STM32F4xx_HAL_Driver/Inc/Legacy -O0 -ffunction-sections -fdata-sections -Wall -fstack-usage -MMD -MP -MF"Drivers/STM32F4xx_HAL_Driver/Src/stm32f4xx_hal_dma_ex.d" -MT"Drivers/STM32F4xx_HAL_Driver/Src/stm32f4xx_hal_dma_ex.o" --specs=nano.specs -mfpu=fpv4-sp-d16 -mfloat-abi=hard -mthumb -o "Drivers/STM32F4xx_HAL_Driver/Src/stm32f4xx_hal_dma_ex.o"
arm-none-eabi-gcc "../Drivers/STM32F4xx_HAL_Driver/Src/stm32f4xx_hal_exti.c" -mcpu=cortex-m4 -std=gnu11 -g3 -DUSE_HAL_DRIVER -DDEBUG -DSTM32F407xx -c -I../Drivers/CMSIS/Include -I../Drivers/STM32F4xx_HAL_Driver/Inc -I../Core/Inc -I../Drivers/CMSIS/Device/ST/STM32F4xx/Include -I../Drivers/STM32F4xx_HAL_Driver/Inc/Legacy -O0 -ffunction-sections -fdata-sections -Wall -fstack-usage -MMD -MP -MF"Drivers/STM32F4xx_HAL_Driver/Src/stm32f4xx_hal_exti.d" -MT"Drivers/STM32F4xx_HAL_Driver/Src/stm32f4xx_hal_exti.o" --specs=nano.specs -mfpu=fpv4-sp-d16 -mfloat-abi=hard -mthumb -o "Drivers/STM32F4xx_HAL_Driver/Src/stm32f4xx_hal_exti.o"
arm-none-eabi-gcc "../Drivers/STM32F4xx_HAL_Driver/Src/stm32f4xx_hal_flash.c" -mcpu=cortex-m4 -std=gnu11 -g3 -DUSE_HAL_DRIVER -DDEBUG -DSTM32F407xx -c -I../Drivers/CMSIS/Include -I../Drivers/STM32F4xx_HAL_Driver/Inc -I../Core/Inc -I../Drivers/CMSIS/Device/ST/STM32F4xx/Include -I../Drivers/STM32F4xx_HAL_Driver/Inc/Legacy -O0 -ffunction-sections -fdata-sections -Wall -fstack-usage -MMD -MP -MF"Drivers/STM32F4xx_HAL_Driver/Src/stm32f4xx_hal_flash.d" -MT"Drivers/STM32F4xx_HAL_Driver/Src/stm32f4xx_hal_flash.o" --specs=nano.specs -mfpu=fpv4-sp-d16 -mfloat-abi=hard -mthumb -o "Drivers/STM32F4xx_HAL_Driver/Src/stm32f4xx_hal_flash.o"
arm-none-eabi-gcc "../Drivers/STM32F4xx_HAL_Driver/Src/stm32f4xx_hal_flash_ex.c" -mcpu=cortex-m4 -std=gnu11 -g3 -DUSE_HAL_DRIVER -DDEBUG -DSTM32F407xx -c -I../Drivers/CMSIS/Include -I../Drivers/STM32F4xx_HAL_Driver/Inc -I../Core/Inc -I../Drivers/CMSIS/Device/ST/STM32F4xx/Include -I../Drivers/STM32F4xx_HAL_Driver/Inc/Legacy -O0 -ffunction-sections -fdata-sections -Wall -fstack-usage -MMD -MP -MF"Drivers/STM32F4xx_HAL_Driver/Src/stm32f4xx_hal_flash_ex.d" -MT"Drivers/STM32F4xx_HAL_Driver/Src/stm32f4xx_hal_flash_ex.o" --specs=nano.specs -mfpu=fpv4-sp-d16 -mfloat-abi=hard -mthumb -o "Drivers/STM32F4xx_HAL_Driver/Src/stm32f4xx_hal_flash_ex.o"
arm-none-eabi-gcc "../Drivers/STM32F4xx_HAL_Driver/Src/stm32f4xx_hal_flash_ramfunc.c" -mcpu=cortex-m4 -std=gnu11 -g3 -DUSE_HAL_DRIVER -DDEBUG -DSTM32F407xx -c -I../Drivers/CMSIS/Include -I../Drivers/STM32F4xx_HAL_Driver/Inc -I../Core/Inc -I../Drivers/CMSIS/Device/ST/STM32F4xx/Include -I../Drivers/STM32F4xx_HAL_Driver/Inc/Legacy -O0 -ffunction-sections -fdata-sections -Wall -fstack-usage -MMD -MP -MF"Drivers/STM32F4xx_HAL_Driver/Src/stm32f4xx_hal_flash_ramfunc.d" -MT"Drivers/STM32F4xx_HAL_Driver/Src/stm32f4xx_hal_flash_ramfunc.o" --specs=nano.specs -mfpu=fpv4-sp-d16 -mfloat-abi=hard -mthumb -o "Drivers/STM32F4xx_HAL_Driver/Src/stm32f4xx_hal_flash_ramfunc.o"
arm-none-eabi-gcc "../Drivers/STM32F4xx_HAL_Driver/Src/stm32f4xx_hal_gpio.c" -mcpu=cortex-m4 -std=gnu11 -g3 -DUSE_HAL_DRIVER -DDEBUG -DSTM32F407xx -c -I../Drivers/CMSIS/Include -I../Drivers/STM32F4xx_HAL_Driver/Inc -I../Core/Inc -I../Drivers/CMSIS/Device/ST/STM32F4xx/Include -I../Drivers/STM32F4xx_HAL_Driver/Inc/Legacy -O0 -ffunction-sections -fdata-sections -Wall -fstack-usage -MMD -MP -MF"Drivers/STM32F4xx_HAL_Driver/Src/stm32f4xx_hal_gpio.d" -MT"Drivers/STM32F4xx_HAL_Driver/Src/stm32f4xx_hal_gpio.o" --specs=nano.specs -mfpu=fpv4-sp-d16 -mfloat-abi=hard -mthumb -o "Drivers/STM32F4xx_HAL_Driver/Src/stm32f4xx_hal_gpio.o"
arm-none-eabi-gcc "../Drivers/STM32F4xx_HAL_Driver/Src/stm32f4xx_hal_pwr.c" -mcpu=cortex-m4 -std=gnu11 -g3 -DUSE_HAL_DRIVER -DDEBUG -DSTM32F407xx -c -I../Drivers/CMSIS/Include -I../Drivers/STM32F4xx_HAL_Driver/Inc -I../Core/Inc -I../Drivers/CMSIS/Device/ST/STM32F4xx/Include -I../Drivers/STM32F4xx_HAL_Driver/Inc/Legacy -O0 -ffunction-sections -fdata-sections -Wall -fstack-usage -MMD -MP -MF"Drivers/STM32F4xx_HAL_Driver/Src/stm32f4xx_hal_pwr.d" -MT"Drivers/STM32F4xx_HAL_Driver/Src/stm32f4xx_hal_pwr.o" --specs=nano.specs -mfpu=fpv4-sp-d16 -mfloat-abi=hard -mthumb -o "Drivers/STM32F4xx_HAL_Driver/Src/stm32f4xx_hal_pwr.o"
arm-none-eabi-gcc "../Drivers/STM32F4xx_HAL_Driver/Src/stm32f4xx_hal_pwr_ex.c" -mcpu=cortex-m4 -std=gnu11 -g3 -DUSE_HAL_DRIVER -DDEBUG -DSTM32F407xx -c -I../Drivers/CMSIS/Include -I../Drivers/STM32F4xx_HAL_Driver/Inc -I../Core/Inc -I../Drivers/CMSIS/Device/ST/STM32F4xx/Include -I../Drivers/STM32F4xx_HAL_Driver/Inc/Legacy -O0 -ffunction-sections -fdata-sections -Wall -fstack-usage -MMD -MP -MF"Drivers/STM32F4xx_HAL_Driver/Src/stm32f4xx_hal_pwr_ex.d" -MT"Drivers/STM32F4xx_HAL_Driver/Src/stm32f4xx_hal_pwr_ex.o" --specs=nano.specs -mfpu=fpv4-sp-d16 -mfloat-abi=hard -mthumb -o "Drivers/STM32F4xx_HAL_Driver/Src/stm32f4xx_hal_pwr_ex.o"
arm-none-eabi-gcc "../Drivers/STM32F4xx_HAL_Driver/Src/stm32f4xx_hal_rcc.c" -mcpu=cortex-m4 -std=gnu11 -g3 -DUSE_HAL_DRIVER -DDEBUG -DSTM32F407xx -c -I../Drivers/CMSIS/Include -I../Drivers/STM32F4xx_HAL_Driver/Inc -I../Core/Inc -I../Drivers/CMSIS/Device/ST/STM32F4xx/Include -I../Drivers/STM32F4xx_HAL_Driver/Inc/Legacy -O0 -ffunction-sections -fdata-sections -Wall -fstack-usage -MMD -MP -MF"Drivers/STM32F4xx_HAL_Driver/Src/stm32f4xx_hal_rcc.d" -MT"Drivers/STM32F4xx_HAL_Driver/Src/stm32f4xx_hal_rcc.o" --specs=nano.specs -mfpu=fpv4-sp-d16 -mfloat-abi=hard -mthumb -o "Drivers/STM32F4xx_HAL_Driver/Src/stm32f4xx_hal_rcc.o"
arm-none-eabi-gcc "../Drivers/STM32F4xx_HAL_Driver/Src/stm32f4xx_hal_rcc_ex.c" -mcpu=cortex-m4 -std=gnu11 -g3 -DUSE_HAL_DRIVER -DDEBUG -DSTM32F407xx -c -I../Drivers/CMSIS/Include -I../Drivers/STM32F4xx_HAL_Driver/Inc -I../Core/Inc -I../Drivers/CMSIS/Device/ST/STM32F4xx/Include -I../Drivers/STM32F4xx_HAL_Driver/Inc/Legacy -O0 -ffunction-sections -fdata-sections -Wall -fstack-usage -MMD -MP -MF"Drivers/STM32F4xx_HAL_Driver/Src/stm32f4xx_hal_rcc_ex.d" -MT"Drivers/STM32F4xx_HAL_Driver/Src/stm32f4xx_hal_rcc_ex.o" --specs=nano.specs -mfpu=fpv4-sp-d16 -mfloat-abi=hard -mthumb -o "Drivers/STM32F4xx_HAL_Driver/Src/stm32f4xx_hal_rcc_ex.o"
arm-none-eabi-gcc "../Drivers/STM32F4xx_HAL_Driver/Src/stm32f4xx_hal_tim.c" -mcpu=cortex-m4 -std=gnu11 -g3 -DUSE_HAL_DRIVER -DDEBUG -DSTM32F407xx -c -I../Drivers/CMSIS/Include -I../Drivers/STM32F4xx_HAL_Driver/Inc -I../Core/Inc -I../Drivers/CMSIS/Device/ST/STM32F4xx/Include -I../Drivers/STM32F4xx_HAL_Driver/Inc/Legacy -O0 -ffunction-sections -fdata-sections -Wall -fstack-usage -MMD -MP -MF"Drivers/STM32F4xx_HAL_Driver/Src/stm32f4xx_hal_tim.d" -MT"Drivers/STM32F4xx_HAL_Driver/Src/stm32f4xx_hal_tim.o" --specs=nano.specs -mfpu=fpv4-sp-d16 -mfloat-abi=hard -mthumb -o "Drivers/STM32F4xx_HAL_Driver/Src/stm32f4xx_hal_tim.o"
arm-none-eabi-gcc "../Drivers/STM32F4xx_HAL_Driver/Src/stm32f4xx_hal_tim_ex.c" -mcpu=cortex-m4 -std=gnu11 -g3 -DUSE_HAL_DRIVER -DDEBUG -DSTM32F407xx -c -I../Drivers/CMSIS/Include -I../Drivers/STM32F4xx_HAL_Driver/Inc -I../Core/Inc -I../Drivers/CMSIS/Device/ST/STM32F4xx/Include -I../Drivers/STM32F4xx_HAL_Driver/Inc/Legacy -O0 -ffunction-sections -fdata-sections -Wall -fstack-usage -MMD -MP -MF"Drivers/STM32F4xx_HAL_Driver/Src/stm32f4xx_hal_tim_ex.d" -MT"Drivers/STM32F4xx_HAL_Driver/Src/stm32f4xx_hal_tim_ex.o" --specs=nano.specs -mfpu=fpv4-sp-d16 -mfloat-abi=hard -mthumb -o "Drivers/STM32F4xx_HAL_Driver/Src/stm32f4xx_hal_tim_ex.o"
arm-none-eabi-gcc "../Core/Src/dac.c" -mcpu=cortex-m4 -std=gnu11 -g3 -DUSE_HAL_DRIVER -DDEBUG -DSTM32F407xx -c -I../Drivers/CMSIS/Include -I../Drivers/STM32F4xx_HAL_Driver/Inc -I../Core/Inc -I../Drivers/CMSIS/Device/ST/STM32F4xx/Include -I../Drivers/STM32F4xx_HAL_Driver/Inc/Legacy -O0 -ffunction-sections -fdata-sections -Wall -fstack-usage -MMD -MP -MF"Core/Src/dac.d" -MT"Core/Src/dac.o" --specs=nano.specs -mfpu=fpv4-sp-d16 -mfloat-abi=hard -mthumb -o "Core/Src/dac.o"
arm-none-eabi-gcc "../Core/Src/gpio.c" -mcpu=cortex-m4 -std=gnu11 -g3 -DUSE_HAL_DRIVER -DDEBUG -DSTM32F407xx -c -I../Drivers/CMSIS/Include -I../Drivers/STM32F4xx_HAL_Driver/Inc -I../Core/Inc -I../Drivers/CMSIS/Device/ST/STM32F4xx/Include -I../Drivers/STM32F4xx_HAL_Driver/Inc/Legacy -O0 -ffunction-sections -fdata-sections -Wall -fstack-usage -MMD -MP -MF"Core/Src/gpio.d" -MT"Core/Src/gpio.o" --specs=nano.specs -mfpu=fpv4-sp-d16 -mfloat-abi=hard -mthumb -o "Core/Src/gpio.o"
arm-none-eabi-gcc "../Core/Src/main.c" -mcpu=cortex-m4 -std=gnu11 -g3 -DUSE_HAL_DRIVER -DDEBUG -DSTM32F407xx -c -I../Drivers/CMSIS/Include -I../Drivers/STM32F4xx_HAL_Driver/Inc -I../Core/Inc -I../Drivers/CMSIS/Device/ST/STM32F4xx/Include -I../Drivers/STM32F4xx_HAL_Driver/Inc/Legacy -O0 -ffunction-sections -fdata-sections -Wall -fstack-usage -MMD -MP -MF"Core/Src/main.d" -MT"Core/Src/main.o" --specs=nano.specs -mfpu=fpv4-sp-d16 -mfloat-abi=hard -mthumb -o "Core/Src/main.o"
arm-none-eabi-gcc "../Core/Src/stm32f4xx_hal_msp.c" -mcpu=cortex-m4 -std=gnu11 -g3 -DUSE_HAL_DRIVER -DDEBUG -DSTM32F407xx -c -I../Drivers/CMSIS/Include -I../Drivers/STM32F4xx_HAL_Driver/Inc -I../Core/Inc -I../Drivers/CMSIS/Device/ST/STM32F4xx/Include -I../Drivers/STM32F4xx_HAL_Driver/Inc/Legacy -O0 -ffunction-sections -fdata-sections -Wall -fstack-usage -MMD -MP -MF"Core/Src/stm32f4xx_hal_msp.d" -MT"Core/Src/stm32f4xx_hal_msp.o" --specs=nano.specs -mfpu=fpv4-sp-d16 -mfloat-abi=hard -mthumb -o "Core/Src/stm32f4xx_hal_msp.o"
arm-none-eabi-gcc "../Core/Src/stm32f4xx_it.c" -mcpu=cortex-m4 -std=gnu11 -g3 -DUSE_HAL_DRIVER -DDEBUG -DSTM32F407xx -c -I../Drivers/CMSIS/Include -I../Drivers/STM32F4xx_HAL_Driver/Inc -I../Core/Inc -I../Drivers/CMSIS/Device/ST/STM32F4xx/Include -I../Drivers/STM32F4xx_HAL_Driver/Inc/Legacy -O0 -ffunction-sections -fdata-sections -Wall -fstack-usage -MMD -MP -MF"Core/Src/stm32f4xx_it.d" -MT"Core/Src/stm32f4xx_it.o" --specs=nano.specs -mfpu=fpv4-sp-d16 -mfloat-abi=hard -mthumb -o "Core/Src/stm32f4xx_it.o"
arm-none-eabi-gcc "../Core/Src/system_stm32f4xx.c" -mcpu=cortex-m4 -std=gnu11 -g3 -DUSE_HAL_DRIVER -DDEBUG -DSTM32F407xx -c -I../Drivers/CMSIS/Include -I../Drivers/STM32F4xx_HAL_Driver/Inc -I../Core/Inc -I../Drivers/CMSIS/Device/ST/STM32F4xx/Include -I../Drivers/STM32F4xx_HAL_Driver/Inc/Legacy -O0 -ffunction-sections -fdata-sections -Wall -fstack-usage -MMD -MP -MF"Core/Src/system_stm32f4xx.d" -MT"Core/Src/system_stm32f4xx.o" --specs=nano.specs -mfpu=fpv4-sp-d16 -mfloat-abi=hard -mthumb -o "Core/Src/system_stm32f4xx.o"
arm-none-eabi-gcc -o "F4_DAC.elf" @"objects.list"   -mcpu=cortex-m4 -T"D:\work\study\stm32\cubeIDEworkspace\F4_DAC\STM32F407ZGTX_FLASH.ld" --specs=nosys.specs -Wl,-Map="F4_DAC.map" -Wl,--gc-sections -static --specs=nano.specs -mfpu=fpv4-sp-d16 -mfloat-abi=hard -mthumb -Wl,--start-group -lc -lm -Wl,--end-group
Finished building target: F4_DAC.elf
 
arm-none-eabi-objdump -h -S  F4_DAC.elf  > "F4_DAC.list"
arm-none-eabi-objcopy  -O binary  F4_DAC.elf  "F4_DAC.bin"
arm-none-eabi-size   F4_DAC.elf 
   text	   data	    bss	    dec	    hex	filename
   6728	     20	   1588	   8336	   2090	F4_DAC.elf
Finished building: default.size.stdout
 
Finished building: F4_DAC.bin
Finished building: F4_DAC.list
 
 
18:18:55 **** Incremental Build of configuration Debug for project NUCLEO_ADC_KF ****
make -j8 all 
arm-none-eabi-size   NUCLEO_ADC_KF.elf 
   text	   data	    bss	    dec	    hex	filename
  18644	    128	   2568	  21340	   535c	NUCLEO_ADC_KF.elf
Finished building: default.size.stdout
 
18:31:12 **** Incremental Build of configuration Debug for project NUCLEO_ADC_KF ****
make -j8 all 
arm-none-eabi-size   NUCLEO_ADC_KF.elf 
   text	   data	    bss	    dec	    hex	filename
  18644	    128	   2568	  21340	   535c	NUCLEO_ADC_KF.elf
Finished building: default.size.stdout
 
18:32:10 **** Incremental Build of configuration Debug for project NUCLEO_ADC_KF ****
make -j8 all 
arm-none-eabi-gcc "../Core/Src/main.c" -mcpu=cortex-m3 -std=gnu11 -g3 -DUSE_HAL_DRIVER -DSTM32F103xB -DDEBUG -c -I../Drivers/CMSIS/Device/ST/STM32F1xx/Include -I../Drivers/CMSIS/Include -I../Core/Inc -I../Drivers/STM32F1xx_HAL_Driver/Inc/Legacy -I../Drivers/STM32F1xx_HAL_Driver/Inc -I"D:/work/study/stm32/cubeIDEworkspace/NUCLEO_ADC_KF/Core/USER/INC" -O0 -ffunction-sections -fdata-sections -Wall -fstack-usage -MMD -MP -MF"Core/Src/main.d" -MT"Core/Src/main.o" --specs=nano.specs -mfloat-abi=soft -mthumb -o "Core/Src/main.o"
../Core/Src/main.c: In function 'main':
../Core/Src/main.c:117:5: warning: implicit declaration of function 'swvPrint'; did you mean 'llrint'? [-Wimplicit-function-declaration]
     swvPrint(0, "1", 2);
     ^~~~~~~~
     llrint
../Core/Src/main.c: At top level:
../Core/Src/main.c:184:6: warning: conflicting types for 'swvPrint'
 void swvPrint(int port, char *ptr, int len)
      ^~~~~~~~
../Core/Src/main.c:117:5: note: previous implicit declaration of 'swvPrint' was here
     swvPrint(0, "1", 2);
     ^~~~~~~~
arm-none-eabi-gcc -o "NUCLEO_ADC_KF.elf" @"objects.list"   -mcpu=cortex-m3 -T"D:\work\study\stm32\cubeIDEworkspace\NUCLEO_ADC_KF\STM32F103RBTX_FLASH.ld" --specs=nosys.specs -Wl,-Map="NUCLEO_ADC_KF.map" -Wl,--gc-sections -static --specs=nano.specs -mfloat-abi=soft -mthumb -Wl,--start-group -lc -lm -Wl,--end-group
Finished building target: NUCLEO_ADC_KF.elf
 
arm-none-eabi-objdump -h -S  NUCLEO_ADC_KF.elf  > "NUCLEO_ADC_KF.list"
arm-none-eabi-objcopy  -O binary  NUCLEO_ADC_KF.elf  "NUCLEO_ADC_KF.bin"
arm-none-eabi-size   NUCLEO_ADC_KF.elf 
   text	   data	    bss	    dec	    hex	filename
  18644	    128	   2568	  21340	   535c	NUCLEO_ADC_KF.elf
Finished building: default.size.stdout
 
Finished building: NUCLEO_ADC_KF.bin
 
Finished building: NUCLEO_ADC_KF.list
 
